21:46:18  ===================== SWEEP START =====================
21:46:18  BEGIN infer:base
python.exe : Warning: You are sending unauthenticated requests to the HF Hub. Please set a HF_TOKEN to enable higher rate limits and faster downloads.
At C:\Users\sagiz\Desktop\Shenkar\neural networks\diffusion-artwork-generation\environment\run_sweep.ps1:18 char:5
+     & $py -u @cmd 2>&1 | Out-File $log -Append -Encoding utf8
+     ~~~~~~~~~~~~~~~~~~
    + CategoryInfo          : NotSpecified: (Warning: You ar...ster downloads.:String) [], RemoteException
    + FullyQualifiedErrorId : NativeCommandError
 

Loading pipeline components...:   0%|          | 0/6 [00:00<?, ?it/s]

Loading weights:   0%|          | 0/196 [00:00<?, ?it/s][A
Loading weights: 100%|##########| 196/196 [00:00<00:00, 9917.17it/s]

Loading pipeline components...:  33%|###3      | 2/6 [00:00<00:00, 12.99it/s]
Loading pipeline components...:  83%|########3 | 5/6 [00:00<00:00, 20.33it/s]
Loading pipeline components...: 100%|##########| 6/6 [00:00<00:00, 22.50it/s]
model: BASE (no fine-tune) | generating 256 images
  generated 8/256
  generated 16/256
  generated 24/256
  generated 32/256
  generated 40/256
  generated 48/256
  generated 56/256
  generated 64/256
  generated 72/256
  generated 80/256
  generated 88/256
  generated 96/256
  generated 104/256
  generated 112/256
  generated 120/256
  generated 128/256
  generated 136/256
  generated 144/256
  generated 152/256
  generated 160/256
  generated 168/256
  generated 176/256
  generated 184/256
  generated 192/256
  generated 200/256
  generated 208/256
  generated 216/256
  generated 224/256
  generated 232/256
  generated 240/256
  generated 248/256
  generated 256/256
INFER_DONE 256 images -> C:\Users\sagiz\Desktop\Shenkar\neural networks\diffusion-artwork-generation\outputs\phase2\base\eval_samples
21:50:53  END   infer:base (exit 0)
21:50:53  BEGIN eval:base
gen=256 images | ref=300 images
FID = 167.43  (lower is better)
python.exe : Warning: You are sending unauthenticated requests to the HF Hub. Please set a HF_TOKEN to enable higher rate limits and faster downloads.
At C:\Users\sagiz\Desktop\Shenkar\neural networks\diffusion-artwork-generation\environment\run_sweep.ps1:18 char:5
+     & $py -u @cmd 2>&1 | Out-File $log -Append -Encoding utf8
+     ~~~~~~~~~~~~~~~~~~
    + CategoryInfo          : NotSpecified: (Warning: You ar...ster downloads.:String) [], RemoteException
    + FullyQualifiedErrorId : NativeCommandError
 

Loading weights:   0%|          | 0/398 [00:00<?, ?it/s]
Loading weights: 100%|##########| 398/398 [00:00<00:00, 50405.61it/s]
CLIPScore = 33.48  (higher is better)
21:51:11  END   eval:base (exit 0)
21:51:11  BEGIN infer:lora_r16
python.exe : Warning: You are sending unauthenticated requests to the HF Hub. Please set a HF_TOKEN to enable higher rate limits and faster downloads.
At C:\Users\sagiz\Desktop\Shenkar\neural networks\diffusion-artwork-generation\environment\run_sweep.ps1:18 char:5
+     & $py -u @cmd 2>&1 | Out-File $log -Append -Encoding utf8
+     ~~~~~~~~~~~~~~~~~~
    + CategoryInfo          : NotSpecified: (Warning: You ar...ster downloads.:String) [], RemoteException
    + FullyQualifiedErrorId : NativeCommandError
 

Loading pipeline components...:   0%|          | 0/6 [00:00<?, ?it/s]

Loading weights:   0%|          | 0/196 [00:00<?, ?it/s][A
Loading weights: 100%|##########| 196/196 [00:00<00:00, 9809.01it/s]

Loading pipeline components...:  33%|###3      | 2/6 [00:00<00:00, 12.29it/s]
Loading pipeline components...: 100%|##########| 6/6 [00:00<00:00, 24.75it/s]
Loading pipeline components...: 100%|##########| 6/6 [00:00<00:00, 22.47it/s]
model: LoRA rank 16 | generating 256 images
Traceback (most recent call last):
  File "C:\Users\sagiz\Desktop\Shenkar\neural networks\diffusion-artwork-generation\src\phase2_sd_finetune\infer.py", line 86, in <module>
    main()
  File "C:\Users\sagiz\Desktop\Shenkar\neural networks\diffusion-artwork-generation\src\phase2_sd_finetune\infer.py", line 78, in main
    img.save(out / fn, quality=95)
  File "C:\Users\sagiz\Desktop\Shenkar\neural networks\diffusion-artwork-generation\.venv\Lib\site-packages\PIL\Image.py", line 2708, in save
    fp = builtins.open(filename, "w+b")
         ^^^^^^^^^^^^^^^^^^^^^^^^^^^^^^
PermissionError: [Errno 13] Permission denied: 'C:\\Users\\sagiz\\Desktop\\Shenkar\\neural 
networks\\diffusion-artwork-generation\\outputs\\phase2\\lora_r16\\eval_samples\\gen_00000.jpg'
21:52:06  END   infer:lora_r16 (exit 1)
21:52:06  BEGIN eval:lora_r16
gen=16 images | ref=300 images
FID = 317.32  (lower is better)
python.exe : Warning: You are sending unauthenticated requests to the HF Hub. Please set a HF_TOKEN to enable higher rate limits and faster downloads.
At C:\Users\sagiz\Desktop\Shenkar\neural networks\diffusion-artwork-generation\environment\run_sweep.ps1:18 char:5
+     & $py -u @cmd 2>&1 | Out-File $log -Append -Encoding utf8
+     ~~~~~~~~~~~~~~~~~~
    + CategoryInfo          : NotSpecified: (Warning: You ar...ster downloads.:String) [], RemoteException
    + FullyQualifiedErrorId : NativeCommandError
 

Loading weights:   0%|          | 0/398 [00:00<?, ?it/s]
Loading weights: 100%|##########| 398/398 [00:00<00:00, 46990.37it/s]
CLIPScore = 28.73  (higher is better)
21:52:20  END   eval:lora_r16 (exit 0)
21:52:20  BEGIN train:lora_r4
loading SD-1.5 components from stable-diffusion-v1-5/stable-diffusion-v1-5
python.exe : Warning: You are sending unauthenticated requests to the HF Hub. Please set a HF_TOKEN to enable higher rate limits and faster downloads.
At C:\Users\sagiz\Desktop\Shenkar\neural networks\diffusion-artwork-generation\environment\run_sweep.ps1:18 char:5
+     & $py -u @cmd 2>&1 | Out-File $log -Append -Encoding utf8
+     ~~~~~~~~~~~~~~~~~~
    + CategoryInfo          : NotSpecified: (Warning: You ar...ster downloads.:String) [], RemoteException
    + FullyQualifiedErrorId : NativeCommandError
 

Loading weights:   0%|          | 0/196 [00:00<?, ?it/s]
Loading weights: 100%|##########| 196/196 [00:00<00:00, 10516.88it/s]
C:\Users\sagiz\Desktop\Shenkar\neural networks\diffusion-artwork-generation\.venv\Lib\site-packages\huggingface_hub\utils\_validators.py:205: 
UserWarning: The `local_dir_use_symlinks` argument is deprecated and ignored in `hf_hub_download`. Downloading to a local directory does not use 
symlinks anymore.
  warnings.warn(
trainable LoRA params: 0.797M (rank 4, alpha 4)
dataset: 1200 image-caption pairs
step     0 | loss 0.1843 | 2.48 img/s
step    20 | loss 0.1933 | 3.23 img/s
step    40 | loss 0.1571 | 3.27 img/s
step    60 | loss 0.1007 | 3.27 img/s
step    80 | loss 0.1099 | 3.27 img/s
step   100 | loss 0.0590 | 3.27 img/s
step   120 | loss 0.1120 | 3.28 img/s
step   140 | loss 0.1770 | 3.28 img/s
step   160 | loss 0.1515 | 3.27 img/s
step   180 | loss 0.1629 | 3.28 img/s
step   200 | loss 0.2083 | 3.29 img/s
step   220 | loss 0.1308 | 3.30 img/s
step   240 | loss 0.2342 | 3.31 img/s
  saved samples @ step 250
step   260 | loss 0.1513 | 3.28 img/s
step   280 | loss 0.2363 | 3.26 img/s
step   300 | loss 0.3734 | 3.26 img/s
step   320 | loss 0.2669 | 3.26 img/s
step   340 | loss 0.1789 | 3.27 img/s
step   360 | loss 0.2011 | 3.27 img/s
step   380 | loss 0.1256 | 3.27 img/s
step   400 | loss 0.2146 | 3.27 img/s
step   420 | loss 0.3095 | 3.27 img/s
step   440 | loss 0.1760 | 3.27 img/s
step   460 | loss 0.1325 | 3.28 img/s
step   480 | loss 0.1615 | 3.28 img/s
  saved samples @ step 500
step   500 | loss 0.1929 | 3.27 img/s
step   520 | loss 0.1909 | 3.27 img/s
step   540 | loss 0.1570 | 3.27 img/s
step   560 | loss 0.1923 | 3.27 img/s
step   580 | loss 0.1970 | 3.27 img/s
step   600 | loss 0.1627 | 3.27 img/s
step   620 | loss 0.2737 | 3.27 img/s
step   640 | loss 0.1941 | 3.27 img/s
step   660 | loss 0.1122 | 3.27 img/s
step   680 | loss 0.3516 | 3.27 img/s
step   700 | loss 0.2493 | 3.27 img/s
step   720 | loss 0.1058 | 3.28 img/s
step   740 | loss 0.2833 | 3.28 img/s
  saved samples @ step 750
step   760 | loss 0.2212 | 3.27 img/s
step   780 | loss 0.1668 | 3.27 img/s
step   800 | loss 0.1832 | 3.27 img/s
step   820 | loss 0.1667 | 3.27 img/s
step   840 | loss 0.1295 | 3.27 img/s
step   860 | loss 0.1873 | 3.27 img/s
step   880 | loss 0.1630 | 3.27 img/s
step   900 | loss 0.2745 | 3.27 img/s
step   920 | loss 0.2446 | 3.27 img/s
step   940 | loss 0.2487 | 3.28 img/s
step   960 | loss 0.1039 | 3.28 img/s
step   980 | loss 0.2150 | 3.28 img/s
  saved samples @ step 1000
step  1000 | loss 0.1999 | 3.27 img/s
step  1020 | loss 0.1189 | 3.27 img/s
step  1040 | loss 0.2629 | 3.27 img/s
step  1060 | loss 0.1960 | 3.27 img/s
step  1080 | loss 0.1510 | 3.27 img/s
step  1100 | loss 0.0871 | 3.27 img/s
step  1120 | loss 0.1804 | 3.28 img/s
step  1140 | loss 0.1835 | 3.27 img/s
step  1160 | loss 0.1266 | 3.28 img/s
step  1180 | loss 0.1911 | 3.28 img/s
step  1200 | loss 0.1782 | 3.28 img/s
step  1220 | loss 0.2516 | 3.28 img/s
step  1240 | loss 0.0545 | 3.28 img/s
  saved samples @ step 1250
step  1260 | loss 0.0805 | 3.27 img/s
step  1280 | loss 0.2031 | 3.27 img/s
step  1300 | loss 0.2785 | 3.28 img/s
step  1320 | loss 0.1354 | 3.28 img/s
step  1340 | loss 0.1595 | 3.28 img/s
step  1360 | loss 0.1148 | 3.28 img/s
step  1380 | loss 0.1806 | 3.28 img/s
step  1400 | loss 0.1122 | 3.28 img/s
step  1420 | loss 0.1930 | 3.28 img/s
step  1440 | loss 0.0696 | 3.28 img/s
step  1460 | loss 0.2265 | 3.28 img/s
step  1480 | loss 0.1582 | 3.28 img/s
  saved samples @ step 1500
LORA_TRAIN_DONE
22:53:37  END   train:lora_r4 (exit 0)
22:53:37  BEGIN infer:lora_r4
python.exe : Warning: You are sending unauthenticated requests to the HF Hub. Please set a HF_TOKEN to enable higher rate limits and faster downloads.
At C:\Users\sagiz\Desktop\Shenkar\neural networks\diffusion-artwork-generation\environment\run_sweep.ps1:18 char:5
+     & $py -u @cmd 2>&1 | Out-File $log -Append -Encoding utf8
+     ~~~~~~~~~~~~~~~~~~
    + CategoryInfo          : NotSpecified: (Warning: You ar...ster downloads.:String) [], RemoteException
    + FullyQualifiedErrorId : NativeCommandError
 

Loading pipeline components...:   0%|          | 0/6 [00:00<?, ?it/s]
Loading pipeline components...:  33%|###3      | 2/6 [00:00<00:00, 15.45it/s]

Loading weights:   0%|          | 0/196 [00:00<?, ?it/s][A
Loading weights: 100%|##########| 196/196 [00:00<00:00, 12198.71it/s]

Loading pipeline components...:  67%|######6   | 4/6 [00:00<00:00, 16.78it/s]
Loading pipeline components...: 100%|##########| 6/6 [00:00<00:00, 20.24it/s]
model: LoRA rank 4 | generating 256 images
  generated 8/256
  generated 16/256
  generated 24/256
  generated 32/256
  generated 40/256
  generated 48/256
  generated 56/256
  generated 64/256
  generated 72/256
  generated 80/256
  generated 88/256
  generated 96/256
  generated 104/256
  generated 112/256
  generated 120/256
  generated 128/256
  generated 136/256
  generated 144/256
  generated 152/256
  generated 160/256
  generated 168/256
  generated 176/256
  generated 184/256
  generated 192/256
  generated 200/256
  generated 208/256
  generated 216/256
  generated 224/256
  generated 232/256
  generated 240/256
  generated 248/256
  generated 256/256
INFER_DONE 256 images -> C:\Users\sagiz\Desktop\Shenkar\neural networks\diffusion-artwork-generation\outputs\phase2\lora_r4\eval_samples
22:58:29  END   infer:lora_r4 (exit 0)
22:58:29  BEGIN eval:lora_r4
gen=256 images | ref=300 images
FID = 159.20  (lower is better)
python.exe : Warning: You are sending unauthenticated requests to the HF Hub. Please set a HF_TOKEN to enable higher rate limits and faster downloads.
At C:\Users\sagiz\Desktop\Shenkar\neural networks\diffusion-artwork-generation\environment\run_sweep.ps1:18 char:5
+     & $py -u @cmd 2>&1 | Out-File $log -Append -Encoding utf8
+     ~~~~~~~~~~~~~~~~~~
    + CategoryInfo          : NotSpecified: (Warning: You ar...ster downloads.:String) [], RemoteException
    + FullyQualifiedErrorId : NativeCommandError
 

Loading weights:   0%|          | 0/398 [00:00<?, ?it/s]
Loading weights: 100%|##########| 398/398 [00:00<00:00, 62946.19it/s]
CLIPScore = 33.37  (higher is better)
22:58:47  END   eval:lora_r4 (exit 0)
22:58:47  BEGIN train:lora_r64
loading SD-1.5 components from stable-diffusion-v1-5/stable-diffusion-v1-5
python.exe : 
At C:\Users\sagiz\Desktop\Shenkar\neural networks\diffusion-artwork-generation\environment\run_sweep.ps1:18 char:5
+     & $py -u @cmd 2>&1 | Out-File $log -Append -Encoding utf8
+     ~~~~~~~~~~~~~~~~~~
    + CategoryInfo          : NotSpecified: (:String) [], RemoteException
    + FullyQualifiedErrorId : NativeCommandError
 
Loading weights:   0%|          | 0/196 [00:00<?, ?it/s]
Loading weights: 100%|##########| 196/196 [00:00<00:00, 10993.95it/s]
C:\Users\sagiz\Desktop\Shenkar\neural networks\diffusion-artwork-generation\.venv\Lib\site-packages\huggingface_hub\utils\_validators.py:205: 
UserWarning: The `local_dir_use_symlinks` argument is deprecated and ignored in `hf_hub_download`. Downloading to a local directory does not use 
symlinks anymore.
  warnings.warn(
Warning: You are sending unauthenticated requests to the HF Hub. Please set a HF_TOKEN to enable higher rate limits and faster downloads.
trainable LoRA params: 12.755M (rank 64, alpha 64)
dataset: 1200 image-caption pairs
step     0 | loss 0.1520 | 2.42 img/s
step    20 | loss 0.1909 | 3.23 img/s
step    40 | loss 0.1656 | 3.30 img/s
step    60 | loss 0.0930 | 3.30 img/s
step    80 | loss 0.1163 | 3.32 img/s
step   100 | loss 0.0473 | 3.30 img/s
step   120 | loss 0.1147 | 3.30 img/s
step   140 | loss 0.1669 | 3.30 img/s
step   160 | loss 0.1503 | 3.30 img/s
step   180 | loss 0.1630 | 3.30 img/s
step   200 | loss 0.2004 | 3.30 img/s
step   220 | loss 0.1472 | 3.30 img/s
step   240 | loss 0.2495 | 3.30 img/s
  saved samples @ step 250
step   260 | loss 0.1468 | 3.27 img/s
step   280 | loss 0.2226 | 3.28 img/s
step   300 | loss 0.3952 | 3.28 img/s
step   320 | loss 0.2807 | 3.28 img/s
step   340 | loss 0.1720 | 3.28 img/s
step   360 | loss 0.2142 | 3.28 img/s
step   380 | loss 0.1163 | 3.28 img/s
step   400 | loss 0.2213 | 3.28 img/s
step   420 | loss 0.3283 | 3.28 img/s
step   440 | loss 0.1643 | 3.28 img/s
step   460 | loss 0.1149 | 3.28 img/s
step   480 | loss 0.1630 | 3.28 img/s
  saved samples @ step 500
step   500 | loss 0.1944 | 3.27 img/s
step   520 | loss 0.1902 | 3.27 img/s
step   540 | loss 0.1611 | 3.27 img/s
step   560 | loss 0.1894 | 3.27 img/s
step   580 | loss 0.2003 | 3.27 img/s
step   600 | loss 0.1432 | 3.27 img/s
step   620 | loss 0.2757 | 3.27 img/s
step   640 | loss 0.1773 | 3.27 img/s
step   660 | loss 0.1217 | 3.28 img/s
step   680 | loss 0.3744 | 3.28 img/s
step   700 | loss 0.2433 | 3.28 img/s
step   720 | loss 0.1165 | 3.28 img/s
step   740 | loss 0.2594 | 3.28 img/s
  saved samples @ step 750
step   760 | loss 0.2174 | 3.28 img/s
step   780 | loss 0.1567 | 3.28 img/s
step   800 | loss 0.1923 | 3.28 img/s
step   820 | loss 0.1638 | 3.28 img/s
step   840 | loss 0.1181 | 3.28 img/s
step   860 | loss 0.1892 | 3.28 img/s
step   880 | loss 0.1715 | 3.28 img/s
step   900 | loss 0.2444 | 3.28 img/s
step   920 | loss 0.2395 | 3.28 img/s
step   940 | loss 0.2718 | 3.28 img/s
step   960 | loss 0.0907 | 3.28 img/s
step   980 | loss 0.1931 | 3.28 img/s
  saved samples @ step 1000
step  1000 | loss 0.2046 | 3.28 img/s
step  1020 | loss 0.1143 | 3.28 img/s
step  1040 | loss 0.2639 | 3.28 img/s
step  1060 | loss 0.1974 | 3.28 img/s
step  1080 | loss 0.1423 | 3.28 img/s
step  1100 | loss 0.0849 | 3.28 img/s
step  1120 | loss 0.1720 | 3.28 img/s
step  1140 | loss 0.1816 | 3.28 img/s
step  1160 | loss 0.1283 | 3.28 img/s
step  1180 | loss 0.1863 | 3.28 img/s
step  1200 | loss 0.1808 | 3.29 img/s
step  1220 | loss 0.2489 | 3.29 img/s
step  1240 | loss 0.0553 | 3.29 img/s
  saved samples @ step 1250
step  1260 | loss 0.1017 | 3.28 img/s
step  1280 | loss 0.2338 | 3.28 img/s
step  1300 | loss 0.2782 | 3.28 img/s
step  1320 | loss 0.1320 | 3.28 img/s
step  1340 | loss 0.1833 | 3.28 img/s
step  1360 | loss 0.1122 | 3.28 img/s
step  1380 | loss 0.1768 | 3.29 img/s
step  1400 | loss 0.1313 | 3.29 img/s
step  1420 | loss 0.2115 | 3.29 img/s
step  1440 | loss 0.0655 | 3.29 img/s
step  1460 | loss 0.2318 | 3.29 img/s
step  1480 | loss 0.1717 | 3.29 img/s
  saved samples @ step 1500
LORA_TRAIN_DONE
23:59:52  END   train:lora_r64 (exit 0)
23:59:52  BEGIN infer:lora_r64
python.exe : Warning: You are sending unauthenticated requests to the HF Hub. Please set a HF_TOKEN to enable higher rate limits and faster downloads.
At C:\Users\sagiz\Desktop\Shenkar\neural networks\diffusion-artwork-generation\environment\run_sweep.ps1:18 char:5
+     & $py -u @cmd 2>&1 | Out-File $log -Append -Encoding utf8
+     ~~~~~~~~~~~~~~~~~~
    + CategoryInfo          : NotSpecified: (Warning: You ar...ster downloads.:String) [], RemoteException
    + FullyQualifiedErrorId : NativeCommandError
 

Loading pipeline components...:   0%|          | 0/6 [00:00<?, ?it/s]
Loading pipeline components...:  33%|###3      | 2/6 [00:00<00:00, 13.68it/s]

Loading weights:   0%|          | 0/196 [00:00<?, ?it/s][A
Loading weights: 100%|##########| 196/196 [00:00<00:00, 11816.30it/s]

Loading pipeline components...: 100%|##########| 6/6 [00:00<00:00, 24.55it/s]
Loading pipeline components...: 100%|##########| 6/6 [00:00<00:00, 22.74it/s]
model: LoRA rank 64 | generating 256 images
  generated 8/256
  generated 16/256
  generated 24/256
  generated 32/256
  generated 40/256
  generated 48/256
  generated 56/256
  generated 64/256
  generated 72/256
  generated 80/256
  generated 88/256
  generated 96/256
  generated 104/256
  generated 112/256
  generated 120/256
  generated 128/256
  generated 136/256
  generated 144/256
  generated 152/256
  generated 160/256
  generated 168/256
  generated 176/256
  generated 184/256
  generated 192/256
  generated 200/256
  generated 208/256
  generated 216/256
  generated 224/256
  generated 232/256
  generated 240/256
  generated 248/256
  generated 256/256
INFER_DONE 256 images -> C:\Users\sagiz\Desktop\Shenkar\neural networks\diffusion-artwork-generation\outputs\phase2\lora_r64\eval_samples
00:04:48  END   infer:lora_r64 (exit 0)
00:04:48  BEGIN eval:lora_r64
gen=256 images | ref=300 images
FID = 166.00  (lower is better)
python.exe : Warning: You are sending unauthenticated requests to the HF Hub. Please set a HF_TOKEN to enable higher rate limits and faster downloads.
At C:\Users\sagiz\Desktop\Shenkar\neural networks\diffusion-artwork-generation\environment\run_sweep.ps1:18 char:5
+     & $py -u @cmd 2>&1 | Out-File $log -Append -Encoding utf8
+     ~~~~~~~~~~~~~~~~~~
    + CategoryInfo          : NotSpecified: (Warning: You ar...ster downloads.:String) [], RemoteException
    + FullyQualifiedErrorId : NativeCommandError
 

Loading weights:   0%|          | 0/398 [00:00<?, ?it/s]
Loading weights: 100%|##########| 398/398 [00:00<00:00, 38127.42it/s]
CLIPScore = 32.84  (higher is better)
00:05:06  END   eval:lora_r64 (exit 0)
00:05:06  BEGIN train:full_ft
loading SD-1.5 from stable-diffusion-v1-5/stable-diffusion-v1-5
python.exe : Warning: You are sending unauthenticated requests to the HF Hub. Please set a HF_TOKEN to enable higher rate limits and faster downloads.
At C:\Users\sagiz\Desktop\Shenkar\neural networks\diffusion-artwork-generation\environment\run_sweep.ps1:18 char:5
+     & $py -u @cmd 2>&1 | Out-File $log -Append -Encoding utf8
+     ~~~~~~~~~~~~~~~~~~
    + CategoryInfo          : NotSpecified: (Warning: You ar...ster downloads.:String) [], RemoteException
    + FullyQualifiedErrorId : NativeCommandError
 

Loading weights:   0%|          | 0/196 [00:00<?, ?it/s]
Loading weights: 100%|##########| 196/196 [00:00<00:00, 13992.91it/s]
C:\Users\sagiz\Desktop\Shenkar\neural networks\diffusion-artwork-generation\.venv\Lib\site-packages\huggingface_hub\utils\_validators.py:205: 
UserWarning: The `local_dir_use_symlinks` argument is deprecated and ignored in `hf_hub_download`. Downloading to a local directory does not use 
symlinks anymore.
  warnings.warn(
trainable UNet params: 859.5M (FULL fine-tune)
dataset: 1200 image-caption pairs
step     0 | loss 0.2023 | 1.22 img/s
step    20 | loss 0.1618 | 1.79 img/s
step    40 | loss 0.2105 | 1.83 img/s
step    60 | loss 0.0774 | 1.82 img/s
step    80 | loss 0.0575 | 1.83 img/s
step   100 | loss 0.0419 | 1.84 img/s
step   120 | loss 0.0238 | 1.84 img/s
step   140 | loss 0.2184 | 1.84 img/s
step   160 | loss 0.1294 | 1.84 img/s
step   180 | loss 0.2111 | 1.84 img/s
step   200 | loss 0.2561 | 1.84 img/s
step   220 | loss 0.2198 | 1.84 img/s
step   240 | loss 0.2104 | 1.84 img/s
  saved samples @ step 250
step   260 | loss 0.2078 | 1.83 img/s
step   280 | loss 0.2387 | 1.83 img/s
step   300 | loss 0.4431 | 1.83 img/s
step   320 | loss 0.3742 | 1.84 img/s
step   340 | loss 0.2321 | 1.84 img/s
step   360 | loss 0.2705 | 1.84 img/s
step   380 | loss 0.1334 | 1.84 img/s
step   400 | loss 0.1076 | 1.84 img/s
step   420 | loss 0.1942 | 1.84 img/s
step   440 | loss 0.1815 | 1.84 img/s
step   460 | loss 0.0865 | 1.84 img/s
step   480 | loss 0.1271 | 1.84 img/s
  saved samples @ step 500
step   500 | loss 0.1832 | 1.83 img/s
step   520 | loss 0.2949 | 1.83 img/s
step   540 | loss 0.2862 | 1.83 img/s
step   560 | loss 0.2562 | 1.83 img/s
step   580 | loss 0.2425 | 1.83 img/s
step   600 | loss 0.0973 | 1.83 img/s
step   620 | loss 0.3274 | 1.83 img/s
step   640 | loss 0.1658 | 1.83 img/s
step   660 | loss 0.0326 | 1.83 img/s
step   680 | loss 0.3752 | 1.83 img/s
step   700 | loss 0.2447 | 1.83 img/s
step   720 | loss 0.0727 | 1.83 img/s
step   740 | loss 0.2195 | 1.84 img/s
  saved samples @ step 750
step   760 | loss 0.3755 | 1.83 img/s
step   780 | loss 0.2559 | 1.83 img/s
step   800 | loss 0.2233 | 1.83 img/s
step   820 | loss 0.1801 | 1.83 img/s
step   840 | loss 0.0947 | 1.83 img/s
step   860 | loss 0.1684 | 1.83 img/s
step   880 | loss 0.2048 | 1.83 img/s
step   900 | loss 0.1106 | 1.83 img/s
step   920 | loss 0.2813 | 1.83 img/s
step   940 | loss 0.4302 | 1.83 img/s
step   960 | loss 0.0467 | 1.84 img/s
step   980 | loss 0.2330 | 1.84 img/s
  saved samples @ step 1000
step  1000 | loss 0.2968 | 1.83 img/s
step  1020 | loss 0.0878 | 1.83 img/s
step  1040 | loss 0.0525 | 1.83 img/s
step  1060 | loss 0.1166 | 1.83 img/s
step  1080 | loss 0.0912 | 1.83 img/s
step  1100 | loss 0.0427 | 1.83 img/s
step  1120 | loss 0.1377 | 1.83 img/s
step  1140 | loss 0.0885 | 1.83 img/s
step  1160 | loss 0.2050 | 1.83 img/s
step  1180 | loss 0.2469 | 1.84 img/s
step  1200 | loss 0.1581 | 1.84 img/s
step  1220 | loss 0.1610 | 1.84 img/s
step  1240 | loss 0.0730 | 1.84 img/s
  saved samples @ step 1250
step  1260 | loss 0.0611 | 1.83 img/s
step  1280 | loss 0.2050 | 1.83 img/s
step  1300 | loss 0.2161 | 1.84 img/s
step  1320 | loss 0.2137 | 1.84 img/s
step  1340 | loss 0.1239 | 1.84 img/s
step  1360 | loss 0.2214 | 1.84 img/s
step  1380 | loss 0.2177 | 1.84 img/s
step  1400 | loss 0.1134 | 1.84 img/s
step  1420 | loss 0.0942 | 1.84 img/s
step  1440 | loss 0.1126 | 1.84 img/s
step  1460 | loss 0.3426 | 1.84 img/s
step  1480 | loss 0.2074 | 1.84 img/s
  saved samples @ step 1500
FULL_TRAIN_DONE
00:59:49  END   train:full_ft (exit 0)
00:59:49  BEGIN infer:full_ft
python.exe : Warning: You are sending unauthenticated requests to the HF Hub. Please set a HF_TOKEN to enable higher rate limits and faster downloads.
At C:\Users\sagiz\Desktop\Shenkar\neural networks\diffusion-artwork-generation\environment\run_sweep.ps1:18 char:5
+     & $py -u @cmd 2>&1 | Out-File $log -Append -Encoding utf8
+     ~~~~~~~~~~~~~~~~~~
    + CategoryInfo          : NotSpecified: (Warning: You ar...ster downloads.:String) [], RemoteException
    + FullyQualifiedErrorId : NativeCommandError
 

Loading pipeline components...:   0%|          | 0/6 [00:00<?, ?it/s]
Loading pipeline components...:  17%|#6        | 1/6 [00:00<00:00,  8.66it/s]

Loading weights:   0%|          | 0/196 [00:00<?, ?it/s][A
Loading weights: 100%|##########| 196/196 [00:00<00:00, 3064.06it/s]

Loading pipeline components...:  67%|######6   | 4/6 [00:00<00:00, 14.33it/s]
Loading pipeline components...: 100%|##########| 6/6 [00:00<00:00, 17.96it/s]
model: full-FT unet | generating 256 images
  generated 8/256
  generated 16/256
  generated 24/256
  generated 32/256
  generated 40/256
  generated 48/256
  generated 56/256
  generated 64/256
  generated 72/256
  generated 80/256
  generated 88/256
  generated 96/256
  generated 104/256
  generated 112/256
  generated 120/256
  generated 128/256
  generated 136/256
  generated 144/256
  generated 152/256
  generated 160/256
  generated 168/256
  generated 176/256
  generated 184/256
  generated 192/256
  generated 200/256
  generated 208/256
  generated 216/256
  generated 224/256
  generated 232/256
  generated 240/256
  generated 248/256
  generated 256/256
INFER_DONE 256 images -> C:\Users\sagiz\Desktop\Shenkar\neural networks\diffusion-artwork-generation\outputs\phase2\full_ft\eval_samples
01:04:23  END   infer:full_ft (exit 0)
01:04:23  BEGIN eval:full_ft
gen=256 images | ref=300 images
FID = 164.10  (lower is better)
python.exe : Warning: You are sending unauthenticated requests to the HF Hub. Please set a HF_TOKEN to enable higher rate limits and faster downloads.
At C:\Users\sagiz\Desktop\Shenkar\neural networks\diffusion-artwork-generation\environment\run_sweep.ps1:18 char:5
+     & $py -u @cmd 2>&1 | Out-File $log -Append -Encoding utf8
+     ~~~~~~~~~~~~~~~~~~
    + CategoryInfo          : NotSpecified: (Warning: You ar...ster downloads.:String) [], RemoteException
    + FullyQualifiedErrorId : NativeCommandError
 

Loading weights:   0%|          | 0/398 [00:00<?, ?it/s]
Loading weights: 100%|##########| 398/398 [00:00<00:00, 50860.18it/s]
CLIPScore = 33.49  (higher is better)
01:04:41  END   eval:full_ft (exit 0)
01:04:41  BEGIN train:dreambooth
loading SD-1.5 from stable-diffusion-v1-5/stable-diffusion-v1-5
python.exe : Warning: You are sending unauthenticated requests to the HF Hub. Please set a HF_TOKEN to enable higher rate limits and faster downloads.
At C:\Users\sagiz\Desktop\Shenkar\neural networks\diffusion-artwork-generation\environment\run_sweep.ps1:18 char:5
+     & $py -u @cmd 2>&1 | Out-File $log -Append -Encoding utf8
+     ~~~~~~~~~~~~~~~~~~
    + CategoryInfo          : NotSpecified: (Warning: You ar...ster downloads.:String) [], RemoteException
    + FullyQualifiedErrorId : NativeCommandError
 

Loading weights:   0%|          | 0/196 [00:00<?, ?it/s]
Loading weights: 100%|##########| 196/196 [00:00<00:00, 15758.69it/s]
C:\Users\sagiz\Desktop\Shenkar\neural networks\diffusion-artwork-generation\.venv\Lib\site-packages\huggingface_hub\utils\_validators.py:205: 
UserWarning: The `local_dir_use_symlinks` argument is deprecated and ignored in `hf_hub_download`. Downloading to a local directory does not use 
symlinks anymore.
  warnings.warn(
instance images: 1200  | prior preservation: True

Loading pipeline components...:   0%|          | 0/6 [00:00<?, ?it/s]

Loading weights:   0%|          | 0/196 [00:00<?, ?it/s][A
Loading weights: 100%|##########| 196/196 [00:00<00:00, 12071.71it/s]

Loading pipeline components...:  83%|########3 | 5/6 [00:00<00:00, 46.60it/s]
Loading pipeline components...: 100%|##########| 6/6 [00:00<00:00, 40.20it/s]
generated 100 class images for prior preservation
step     0 | loss 0.2927 | 0.21 it/s
step    20 | loss 0.3656 | 0.22 it/s
step    40 | loss 0.2439 | 0.22 it/s
step    60 | loss 0.2878 | 0.22 it/s
step    80 | loss 0.4045 | 0.22 it/s
step   100 | loss 0.2594 | 0.22 it/s
step   120 | loss 0.6898 | 0.22 it/s
step   140 | loss 0.2526 | 0.22 it/s
step   160 | loss 0.2364 | 0.22 it/s
step   180 | loss 0.2231 | 0.22 it/s
  saved samples @ step 200
step   200 | loss 0.4131 | 0.22 it/s
step   220 | loss 0.3608 | 0.22 it/s
step   240 | loss 0.5473 | 0.22 it/s
step   260 | loss 0.3580 | 0.22 it/s
step   280 | loss 0.5164 | 0.22 it/s
step   300 | loss 0.2815 | 0.22 it/s
step   320 | loss 0.3955 | 0.22 it/s
step   340 | loss 0.1991 | 0.22 it/s
step   360 | loss 0.4980 | 0.22 it/s
step   380 | loss 0.2232 | 0.22 it/s
  saved samples @ step 400
step   400 | loss 0.4371 | 0.22 it/s
step   420 | loss 0.3010 | 0.22 it/s
step   440 | loss 0.4177 | 0.22 it/s
step   460 | loss 0.3027 | 0.22 it/s
step   480 | loss 0.4426 | 0.22 it/s
step   500 | loss 0.2150 | 0.22 it/s
step   520 | loss 0.5550 | 0.22 it/s
step   540 | loss 0.2765 | 0.22 it/s
step   560 | loss 0.6627 | 0.22 it/s
step   580 | loss 0.5130 | 0.22 it/s
  saved samples @ step 600
step   600 | loss 0.2623 | 0.22 it/s
step   620 | loss 0.4323 | 0.22 it/s
step   640 | loss 0.2830 | 0.22 it/s
step   660 | loss 0.5157 | 0.22 it/s
step   680 | loss 0.5135 | 0.22 it/s
step   700 | loss 0.4843 | 0.22 it/s
step   720 | loss 0.2943 | 0.22 it/s
step   740 | loss 0.6149 | 0.22 it/s
step   760 | loss 0.3097 | 0.22 it/s
step   780 | loss 0.3241 | 0.22 it/s
  saved samples @ step 800
step   800 | loss 0.0941 | 0.22 it/s
step   820 | loss 0.1968 | 0.22 it/s
step   840 | loss 0.4135 | 0.22 it/s
step   860 | loss 0.1993 | 0.22 it/s
step   880 | loss 0.3573 | 0.22 it/s
step   900 | loss 0.5529 | 0.22 it/s
step   920 | loss 0.2442 | 0.22 it/s
step   940 | loss 0.2626 | 0.22 it/s
step   960 | loss 0.2844 | 0.22 it/s
step   980 | loss 0.1637 | 0.22 it/s
  saved samples @ step 1000
step  1000 | loss 0.3931 | 0.22 it/s
step  1020 | loss 0.1863 | 0.22 it/s
step  1040 | loss 0.2047 | 0.22 it/s
step  1060 | loss 0.5199 | 0.22 it/s
step  1080 | loss 0.3066 | 0.22 it/s
step  1100 | loss 0.2385 | 0.22 it/s
step  1120 | loss 0.5003 | 0.22 it/s
step  1140 | loss 0.1535 | 0.22 it/s
step  1160 | loss 0.2756 | 0.22 it/s
step  1180 | loss 0.3548 | 0.22 it/s
  saved samples @ step 1200
DREAMBOOTH_TRAIN_DONE
02:37:42  END   train:dreambooth (exit 0)
02:37:42  BEGIN infer:dreambooth
python.exe : 
At C:\Users\sagiz\Desktop\Shenkar\neural networks\diffusion-artwork-generation\environment\run_sweep.ps1:18 char:5
+     & $py -u @cmd 2>&1 | Out-File $log -Append -Encoding utf8
+     ~~~~~~~~~~~~~~~~~~
    + CategoryInfo          : NotSpecified: (:String) [], RemoteException
    + FullyQualifiedErrorId : NativeCommandError
 
Loading pipeline components...:   0%|          | 0/6 [00:00<?, ?it/s]

Loading weights:   0%|          | 0/196 [00:00<?, ?it/s][A
Loading weights: 100%|##########| 196/196 [00:00<00:00, 12154.35it/s]

Loading pipeline components...:  50%|#####     | 3/6 [00:00<00:00, 16.37it/s]
Loading pipeline components...: 100%|##########| 6/6 [00:00<00:00, 23.43it/s]
model: LoRA rank 16 | generating 256 images
  generated 8/256
  generated 16/256
  generated 24/256
  generated 32/256
  generated 40/256
  generated 48/256
  generated 56/256
  generated 64/256
  generated 72/256
  generated 80/256
  generated 88/256
  generated 96/256
  generated 104/256
  generated 112/256
  generated 120/256
  generated 128/256
  generated 136/256
  generated 144/256
  generated 152/256
  generated 160/256
  generated 168/256
  generated 176/256
  generated 184/256
  generated 192/256
  generated 200/256
  generated 208/256
  generated 216/256
  generated 224/256
  generated 232/256
  generated 240/256
  generated 248/256
  generated 256/256
INFER_DONE 256 images -> C:\Users\sagiz\Desktop\Shenkar\neural networks\diffusion-artwork-generation\outputs\phase2\dreambooth\eval_samples
02:42:33  END   infer:dreambooth (exit 0)
02:42:33  BEGIN eval:dreambooth
gen=256 images | ref=300 images
FID = 162.90  (lower is better)
python.exe : Warning: You are sending unauthenticated requests to the HF Hub. Please set a HF_TOKEN to enable higher rate limits and faster downloads.
At C:\Users\sagiz\Desktop\Shenkar\neural networks\diffusion-artwork-generation\environment\run_sweep.ps1:18 char:5
+     & $py -u @cmd 2>&1 | Out-File $log -Append -Encoding utf8
+     ~~~~~~~~~~~~~~~~~~
    + CategoryInfo          : NotSpecified: (Warning: You ar...ster downloads.:String) [], RemoteException
    + FullyQualifiedErrorId : NativeCommandError
 

Loading weights:   0%|          | 0/398 [00:00<?, ?it/s]
Loading weights: 100%|##########| 398/398 [00:00<00:00, 31618.55it/s]
CLIPScore = 32.47  (higher is better)
02:42:52  END   eval:dreambooth (exit 0)
02:42:52  BEGIN train:p1_r01_lr2e3
model params: 35.75M | device cuda | out C:\Users\sagiz\Desktop\Shenkar\neural networks\diffusion-artwork-generation\outputs\phase1\p1_r01_lr2e3
python.exe : Warning: You are sending unauthenticated requests to the HF Hub. Please set a HF_TOKEN to enable higher rate limits and faster downloads.
At C:\Users\sagiz\Desktop\Shenkar\neural networks\diffusion-artwork-generation\environment\run_sweep.ps1:18 char:5
+     & $py -u @cmd 2>&1 | Out-File $log -Append -Encoding utf8
+     ~~~~~~~~~~~~~~~~~~
    + CategoryInfo          : NotSpecified: (Warning: You ar...ster downloads.:String) [], RemoteException
    + FullyQualifiedErrorId : NativeCommandError
 
Repo card metadata block was not found. Setting CardData to empty.
dataset: 1000 images cached on cuda
GPU throttle ON: targeting ~65% duty cycle (idling ~35% of wall-time between steps)
step       0 | loss 1.1298 |    6.0 img/s
step      50 | loss 1.0139 |  165.6 img/s
step     100 | loss 1.0005 |  226.6 img/s
step     150 | loss 0.9989 |  258.4 img/s
step     200 | loss 0.9999 |  278.1 img/s
step     250 | loss 0.9990 |  291.3 img/s
step     300 | loss 1.0011 |  301.0 img/s
step     350 | loss 1.0010 |  308.3 img/s
step     400 | loss 0.9996 |  314.0 img/s
step     450 | loss 0.9963 |  318.6 img/s
step     500 | loss 0.9964 |  302.3 img/s
step     550 | loss 0.9974 |  307.1 img/s
step     600 | loss 0.9930 |  311.1 img/s
step     650 | loss 0.9905 |  314.7 img/s
step     700 | loss 0.9907 |  317.8 img/s
step     750 | loss 0.9882 |  320.5 img/s
step     800 | loss 0.9879 |  322.8 img/s
step     850 | loss 0.9894 |  325.0 img/s
step     900 | loss 0.9888 |  327.0 img/s
step     950 | loss 0.9836 |  328.8 img/s
step    1000 | loss 1.0144 |  328.6 img/s
step    1050 | loss 0.9912 |  330.1 img/s
step    1100 | loss 0.9874 |  331.3 img/s
step    1150 | loss 0.9877 |  332.6 img/s
step    1200 | loss 0.9830 |  333.8 img/s
step    1250 | loss 0.9817 |  334.9 img/s
step    1300 | loss 0.9825 |  336.0 img/s
step    1350 | loss 0.9801 |  336.9 img/s
step    1400 | loss 0.9824 |  337.8 img/s
step    1450 | loss 0.9842 |  338.6 img/s
step    1500 | loss 0.9827 |  338.4 img/s
step    1550 | loss 0.9812 |  339.2 img/s
step    1600 | loss 0.9844 |  340.0 img/s
step    1650 | loss 0.9792 |  340.7 img/s
step    1700 | loss 0.9803 |  341.3 img/s
step    1750 | loss 0.9745 |  341.9 img/s
step    1800 | loss 0.9747 |  342.5 img/s
step    1850 | loss 1.0152 |  343.1 img/s
step    1900 | loss 0.9973 |  343.6 img/s
step    1950 | loss 0.9947 |  344.1 img/s
TRAIN_DONE
02:55:29  END   train:p1_r01_lr2e3 (exit 0)
02:55:29  BEGIN train:p1b_impressionism
model params: 35.75M | device cuda | out C:\Users\sagiz\Desktop\Shenkar\neural networks\diffusion-artwork-generation\outputs\phase1\p1b_impressionism
dataset: 1200 images cached on cuda
GPU throttle ON: targeting ~65% duty cycle (idling ~35% of wall-time between steps)
02:56:04  END   train:p1b_impressionism (exit -1073741819)
02:56:04  ===================== SWEEP DONE =====================
